#
# A fatal error has been detected by the Java Runtime Environment:
#
#  EXCEPTION_ACCESS_VIOLATION (0xc0000005) at pc=0x65b59ab1, pid=9808, tid=0x0000269c
#
# JRE version: Java(TM) SE Runtime Environment (8.0_144-b01) (build 1.8.0_144-b01)
# Java VM: Java HotSpot(TM) Client VM (25.144-b01 mixed mode windows-x86 )
# Problematic frame:
# C  [awt.dll+0xa9ab1]
#
# Failed to write core dump. Minidumps are not enabled by default on client versions of Windows
#
# If you would like to submit a bug report, please visit:
#   http://bugreport.java.com/bugreport/crash.jsp
# The crash happened outside the Java Virtual Machine in native code.
# See problematic frame for where to report the bug.
#

---------------  T H R E A D  ---------------

Current thread (0x293bfc00):  JavaThread "AWT-EventQueue-0" [_thread_in_native, id=9884, stack(0x2d190000,0x2d1e0000)]

siginfo: ExceptionCode=0xc0000005, reading address 0x00000004

Registers:
EAX=0x0000000d, EBX=0x190116f0, ECX=0x00000000, EDX=0x00000000
ESP=0x2d1dd928, EBP=0x76794f70, ESI=0x2968ce80, EDI=0x29631010
EIP=0x65b59ab1, EFLAGS=0x00010283

Top of Stack: (sp=0x2d1dd928)
0x2d1dd928:   65ade936 190116f0 29631010 293bfd40
0x2d1dd938:   2d1dd9f8 2d1ddeb0 65b0b333 293bfd40
0x2d1dd948:   29631010 2d1ddeb0 65b0b34a 00000001
0x2d1dd958:   00000000 00000000 65adbb85 293bfd40
0x2d1dd968:   2d1ddeb0 293bfc00 00000000 2bf8dd10
0x2d1dd978:   00000020 2d1dd9b0 026747b4 296bf370
0x2d1dd988:   2d1ddeb4 293bfd40 2d1dd990 24ac217d
0x2d1dd998:   2d1dda24 02a3c964 00000000 24ac2198 

Instructions: (pc=0x65b59ab1)
0x65b59a91:   00 00 c3 8b 41 04 8b 80 0c 0c 00 00 c3 8b 01 83
0x65b59aa1:   78 04 08 7e 03 33 c0 c3 8b 49 04 e9 e4 eb fe ff
0x65b59ab1:   8b 49 04 85 c9 74 05 e9 f2 e9 fe ff 33 c0 c2 04
0x65b59ac1:   00 8b 49 04 85 c9 74 05 e9 07 ea fe ff c2 04 00 


Register to memory mapping:

EAX=0x0000000d is an unknown value
EBX=0x190116f0 is an unallocated location in the heap
ECX=0x00000000 is an unknown value
EDX=0x00000000 is an unknown value
ESP=0x2d1dd928 is pointing into the stack for thread: 0x293bfc00
EBP=0x76794f70 is an unknown value
ESI=0x2968ce80 is an unknown value
EDI=0x29631010 is an unknown value


Stack: [0x2d190000,0x2d1e0000],  sp=0x2d1dd928,  free space=310k
Native frames: (J=compiled Java code, j=interpreted, Vv=VM code, C=native code)
C  [awt.dll+0xa9ab1]

Java frames: (J=compiled Java code, j=interpreted, Vv=VM code)
J 2776  sun.java2d.windows.GDIBlitLoops.nativeBlit(Lsun/java2d/SurfaceData;Lsun/java2d/SurfaceData;Lsun/java2d/pipe/Region;IIIIIIIIIZ)V (0 bytes) @ 0x02ac4618 [0x02ac4550+0xc8]
j  sun.java2d.windows.GDIBlitLoops.Blit(Lsun/java2d/SurfaceData;Lsun/java2d/SurfaceData;Ljava/awt/Composite;Lsun/java2d/pipe/Region;IIIIII)V+33
j  sun.java2d.pipe.DrawImage.blitSurfaceData(Lsun/java2d/SunGraphics2D;Lsun/java2d/pipe/Region;Lsun/java2d/SurfaceData;Lsun/java2d/SurfaceData;Lsun/java2d/loops/SurfaceType;Lsun/java2d/loops/SurfaceType;IIIIIILjava/awt/Color;)V+97
j  sun.java2d.pipe.DrawImage.renderImageCopy(Lsun/java2d/SunGraphics2D;Ljava/awt/Image;Ljava/awt/Color;IIIIII)Z+75
j  sun.java2d.pipe.DrawImage.copyImage(Lsun/java2d/SunGraphics2D;Ljava/awt/Image;IILjava/awt/Color;)Z+45
j  sun.java2d.pipe.DrawImage.copyImage(Lsun/java2d/SunGraphics2D;Ljava/awt/Image;IILjava/awt/Color;Ljava/awt/image/ImageObserver;)Z+15
j  sun.java2d.pipe.ValidatePipe.copyImage(Lsun/java2d/SunGraphics2D;Ljava/awt/Image;IILjava/awt/Color;Ljava/awt/image/ImageObserver;)Z+21
j  sun.java2d.SunGraphics2D.drawImage(Ljava/awt/Image;IILjava/awt/Color;Ljava/awt/image/ImageObserver;)Z+66
j  sun.java2d.SunGraphics2D.drawImage(Ljava/awt/Image;IILjava/awt/image/ImageObserver;)Z+7
J 2413 C1 javax.swing.RepaintManager$PaintManager.paintDoubleBuffered(Ljavax/swing/JComponent;Ljava/awt/Image;Ljava/awt/Graphics;IIII)V (294 bytes) @ 0x02a25248 [0x02a250a0+0x1a8]
J 2502 C1 javax.swing.RepaintManager$PaintManager.paint(Ljavax/swing/JComponent;Ljavax/swing/JComponent;Ljava/awt/Graphics;IIII)Z (189 bytes) @ 0x02a3d38c [0x02a3d150+0x23c]
J 2762 C1 javax.swing.RepaintManager.paint(Ljavax/swing/JComponent;Ljavax/swing/JComponent;Ljava/awt/Graphics;IIII)V (93 bytes) @ 0x02abf230 [0x02abf040+0x1f0]
J 2851 C1 javax.swing.JComponent.paint(Ljava/awt/Graphics;)V (409 bytes) @ 0x02ade4f4 [0x02ade190+0x364]
j  java.awt.GraphicsCallback$PaintCallback.run(Ljava/awt/Component;Ljava/awt/Graphics;)V+2
j  sun.awt.SunGraphicsCallback.runOneComponent(Ljava/awt/Component;Ljava/awt/Rectangle;Ljava/awt/Graphics;Ljava/awt/Shape;I)V+155
j  sun.awt.SunGraphicsCallback.runComponents([Ljava/awt/Component;Ljava/awt/Graphics;I)V+194
j  java.awt.Container.paint(Ljava/awt/Graphics;)V+58
j  java.awt.Window.paint(Ljava/awt/Graphics;)V+68
J 2619 C1 javax.swing.RepaintManager$4.run()Ljava/lang/Void; (278 bytes) @ 0x02a60074 [0x02a5fda0+0x2d4]
J 2618 C1 javax.swing.RepaintManager$4.run()Ljava/lang/Object; (5 bytes) @ 0x02a5fae0 [0x02a5fac0+0x20]
v  ~StubRoutines::call_stub
J 2299  java.security.AccessController.doPrivileged(Ljava/security/PrivilegedAction;Ljava/security/AccessControlContext;)Ljava/lang/Object; (0 bytes) @ 0x029230c7 [0x02923060+0x67]
J 2393 C1 javax.swing.RepaintManager.paintDirtyRegions(Ljava/util/Map;)V (196 bytes) @ 0x02a1ecbc [0x02a1e8e0+0x3dc]
J 2773 C1 javax.swing.RepaintManager.paintDirtyRegions()V (50 bytes) @ 0x02ac3ee4 [0x02ac3da0+0x144]
J 2769 C1 javax.swing.RepaintManager.prePaintDirtyRegions()V (91 bytes) @ 0x02ac1e74 [0x02ac1cb0+0x1c4]
J 2620 C1 javax.swing.RepaintManager$ProcessingRunnable.run()V (41 bytes) @ 0x02a60b24 [0x02a609f0+0x134]
J 2465 C1 java.awt.event.InvocationEvent.dispatch()V (69 bytes) @ 0x02a3225c [0x02a32170+0xec]
J 2448 C1 java.awt.EventQueue.dispatchEventImpl(Ljava/awt/AWTEvent;Ljava/lang/Object;)V (149 bytes) @ 0x02a2d9cc [0x02a2d510+0x4bc]
J 2445 C1 java.awt.EventQueue$3.run()Ljava/lang/Void; (60 bytes) @ 0x02a2cc9c [0x02a2cc40+0x5c]
J 2444 C1 java.awt.EventQueue$3.run()Ljava/lang/Object; (5 bytes) @ 0x02a2ca20 [0x02a2ca00+0x20]
v  ~StubRoutines::call_stub
J 2299  java.security.AccessController.doPrivileged(Ljava/security/PrivilegedAction;Ljava/security/AccessControlContext;)Ljava/lang/Object; (0 bytes) @ 0x029230c7 [0x02923060+0x67]
J 2441 C1 java.awt.EventQueue.dispatchEvent(Ljava/awt/AWTEvent;)V (80 bytes) @ 0x02a2b808 [0x02a2b600+0x208]
J 2303 C1 java.awt.EventDispatchThread.pumpOneEventForFilters(I)V (295 bytes) @ 0x02a04f90 [0x02a04900+0x690]
J 3070% C1 java.awt.EventDispatchThread.pumpEventsForFilter(ILjava/awt/Conditional;Ljava/awt/EventFilter;)V (47 bytes) @ 0x0274d7f0 [0x0274d740+0xb0]
j  java.awt.EventDispatchThread.pumpEventsForHierarchy(ILjava/awt/Conditional;Ljava/awt/Component;)V+11
j  java.awt.EventDispatchThread.pumpEvents(ILjava/awt/Conditional;)V+4
j  java.awt.EventDispatchThread.pumpEvents(Ljava/awt/Conditional;)V+3
j  java.awt.EventDispatchThread.run()V+9
v  ~StubRoutines::call_stub

---------------  P R O C E S S  ---------------

Java Threads: ( => current thread )
  0x293c2800 JavaThread "DestroyJavaVM" [_thread_blocked, id=2312, stack(0x00260000,0x002b0000)]
  0x293c0800 JavaThread "TimerQueue" daemon [_thread_blocked, id=4464, stack(0x2df10000,0x2df60000)]
=>0x293bfc00 JavaThread "AWT-EventQueue-0" [_thread_in_native, id=9884, stack(0x2d190000,0x2d1e0000)]
  0x293bf400 JavaThread "AWT-Shutdown" [_thread_blocked, id=4804, stack(0x2d130000,0x2d180000)]
  0x293bf000 JavaThread "Batik CleanerThread" daemon [_thread_blocked, id=10028, stack(0x2bd10000,0x2bd60000)]
  0x293be400 JavaThread "Timer-0" [_thread_blocked, id=1740, stack(0x2ba20000,0x2ba70000)]
  0x293bdc00 JavaThread "JmDNS(dell-PC.local.).State.Timer" daemon [_thread_blocked, id=10080, stack(0x2b900000,0x2b950000)]
  0x293bd800 JavaThread "JmDNS(dell-PC.local.).Timer" daemon [_thread_blocked, id=8968, stack(0x2b860000,0x2b8b0000)]
  0x293bd000 JavaThread "SocketListener(dell-PC.local.)" daemon [_thread_in_native, id=3852, stack(0x2b660000,0x2b6b0000)]
  0x293a4400 JavaThread "JmDNS(dell-PC.local.).State.Timer" daemon [_thread_blocked, id=9532, stack(0x2b790000,0x2b7e0000)]
  0x293a3c00 JavaThread "JmDNS(dell-PC.local.).Timer" daemon [_thread_blocked, id=7084, stack(0x2b590000,0x2b5e0000)]
  0x293a3800 JavaThread "SocketListener(dell-PC.local.)" daemon [_thread_in_native, id=7904, stack(0x2b340000,0x2b390000)]
  0x293a3000 JavaThread "JmDNS(2001-da8-201d-1101-e482-4787-c37c-ad67.local.).State.Timer" daemon [_thread_blocked, id=2052, stack(0x2b180000,0x2b1d0000)]
  0x293a2c00 JavaThread "JmDNS(2001-da8-201d-1101-e482-4787-c37c-ad67.local.).Timer" daemon [_thread_blocked, id=9484, stack(0x2b390000,0x2b3e0000)]
  0x293a2400 JavaThread "SocketListener(2001-da8-201d-1101-e482-4787-c37c-ad67.local.)" daemon [_thread_in_native, id=2892, stack(0x2b220000,0x2b270000)]
  0x293a2000 JavaThread "JmDNS(dell-PC.local.).State.Timer" daemon [_thread_blocked, id=7604, stack(0x2b100000,0x2b150000)]
  0x293a1800 JavaThread "JmDNS(dell-PC.local.).Timer" daemon [_thread_blocked, id=8428, stack(0x2afd0000,0x2b020000)]
  0x293a1000 JavaThread "SocketListener(dell-PC.local.)" daemon [_thread_in_native, id=9344, stack(0x2ac50000,0x2aca0000)]
  0x293a0c00 JavaThread "JmDNS(dell-PC.local.).State.Timer" daemon [_thread_blocked, id=4304, stack(0x2adf0000,0x2ae40000)]
  0x293a0400 JavaThread "JmDNS(dell-PC.local.).Timer" daemon [_thread_blocked, id=9428, stack(0x2acd0000,0x2ad20000)]
  0x293a0000 JavaThread "SocketListener(dell-PC.local.)" daemon [_thread_in_native, id=9964, stack(0x2ab30000,0x2ab80000)]
  0x2939f800 JavaThread "JmDNS(dell-PC.local.).State.Timer" daemon [_thread_blocked, id=8836, stack(0x2a490000,0x2a4e0000)]
  0x2939f400 JavaThread "JmDNS(dell-PC.local.).Timer" daemon [_thread_blocked, id=1472, stack(0x2aad0000,0x2ab20000)]
  0x2939ec00 JavaThread "SocketListener(dell-PC.local.)" daemon [_thread_in_native, id=1648, stack(0x2a080000,0x2a0d0000)]
  0x2939e400 JavaThread "JmDNS(dell-PC.local.).State.Timer" daemon [_thread_blocked, id=8488, stack(0x2a6a0000,0x2a6f0000)]
  0x2939e000 JavaThread "JmDNS(dell-PC.local.).Timer" daemon [_thread_blocked, id=9420, stack(0x2a580000,0x2a5d0000)]
  0x2939d800 JavaThread "SocketListener(dell-PC.local.)" daemon [_thread_in_native, id=1840, stack(0x2a3e0000,0x2a430000)]
  0x2939d400 JavaThread "JmDNS(fe80-0-0-0-5d3e-9e42-85b6-62e5-eth4.local.).State.Timer" daemon [_thread_blocked, id=10012, stack(0x2a6f0000,0x2a740000)]
  0x2939cc00 JavaThread "JmDNS(fe80-0-0-0-5d3e-9e42-85b6-62e5-eth4.local.).Timer" daemon [_thread_blocked, id=412, stack(0x2a4e0000,0x2a530000)]
  0x29360400 JavaThread "SocketListener(fe80-0-0-0-5d3e-9e42-85b6-62e5-eth4.local.)" daemon [_thread_in_native, id=8104, stack(0x2a430000,0x2a480000)]
  0x29395c00 JavaThread "JmDNS(10-20-90-37.local.).State.Timer" daemon [_thread_blocked, id=6880, stack(0x2a190000,0x2a1e0000)]
  0x29395800 JavaThread "JmDNS(10-20-90-37.local.).Timer" daemon [_thread_blocked, id=3120, stack(0x29de0000,0x29e30000)]
  0x29395000 JavaThread "SocketListener(10-20-90-37.local.)" daemon [_thread_in_native, id=7276, stack(0x2a020000,0x2a070000)]
  0x2938a000 JavaThread "Multihomed mDNS.Timer" daemon [_thread_blocked, id=9628, stack(0x29d20000,0x29d70000)]
  0x29371c00 JavaThread "cc.arduino.packages.discoverers.serial.SerialBoardsLister" [_thread_blocked, id=9644, stack(0x29e40000,0x29e90000)]
  0x258d6c00 JavaThread "AWT-Windows" daemon [_thread_in_native, id=2356, stack(0x25f30000,0x25f80000)]
  0x258abc00 JavaThread "Java2D Disposer" daemon [_thread_blocked, id=6316, stack(0x25e20000,0x25e70000)]
  0x24fb0400 JavaThread "Service Thread" daemon [_thread_blocked, id=696, stack(0x25400000,0x25450000)]
  0x24f7e800 JavaThread "C1 CompilerThread0" daemon [_thread_blocked, id=7844, stack(0x254e0000,0x25530000)]
  0x24f7d000 JavaThread "Attach Listener" daemon [_thread_blocked, id=1572, stack(0x25380000,0x253d0000)]
  0x24f71000 JavaThread "Signal Dispatcher" daemon [_thread_blocked, id=892, stack(0x25330000,0x25380000)]
  0x02105000 JavaThread "Finalizer" daemon [_thread_blocked, id=10072, stack(0x251d0000,0x25220000)]
  0x02100000 JavaThread "Reference Handler" daemon [_thread_blocked, id=4384, stack(0x24d10000,0x24d60000)]

Other Threads:
  0x020f6c00 VMThread [stack: 0x25120000,0x25170000] [id=5572]
  0x24f8ac00 WatcherThread [stack: 0x255a0000,0x255f0000] [id=7848]

VM state:not at safepoint (normal execution)

VM Mutex/Monitor currently owned by a thread: None

Heap:
 def new generation   total 67072K, used 46097K [0x04800000, 0x090c0000, 0x0f2a0000)
  eden space 59648K,  75% used [0x04800000, 0x0741fa28, 0x08240000)
  from space 7424K,  12% used [0x08240000, 0x08324b00, 0x08980000)
  to   space 7424K,   0% used [0x08980000, 0x08980000, 0x090c0000)
 tenured generation   total 148824K, used 94196K [0x0f2a0000, 0x183f6000, 0x24800000)
   the space 148824K,  63% used [0x0f2a0000, 0x14e9d308, 0x14e9d400, 0x183f6000)
 Metaspace       used 19114K, capacity 19669K, committed 19712K, reserved 19840K

Card table byte_map: [0x04670000,0x04780000] byte_map_base: 0x0464c000

Polling page: 0x002b0000

CodeCache: size=32768Kb used=2158Kb max_used=4903Kb free=30609Kb
 bounds [0x02670000, 0x02b40000, 0x04670000]
 total_blobs=1325 nmethods=1042 adapters=211
 compilation: enabled

Compilation events (10 events):
Event: 265311.671 Thread 0x24f7e800 4972             javax.swing.JComponent::isOptimizedDrawingEnabled (2 bytes)
Event: 265311.671 Thread 0x24f7e800 nmethod 4972 0x029adb08 code [0x029adc00, 0x029adc80]
Event: 265312.148 Thread 0x24f7e800 4973             java.lang.ref.Reference::<init> (25 bytes)
Event: 265312.148 Thread 0x24f7e800 nmethod 4973 0x029ad8c8 code [0x029ad9c0, 0x029ada90]
Event: 265312.265 Thread 0x24f7e800 4974             com.sun.java.swing.SwingUtilities3::getDelegateRepaintManager (73 bytes)
Event: 265312.266 Thread 0x24f7e800 nmethod 4974 0x02874bc8 code [0x02874d40, 0x02875118]
Event: 265312.286 Thread 0x24f7e800 4975             org.fife.ui.rsyntaxtextarea.RSyntaxTextArea::getBackgroundForToken (61 bytes)
Event: 265312.286 Thread 0x24f7e800 nmethod 4975 0x029ad448 code [0x029ad560, 0x029ad6d0]
Event: 265312.286 Thread 0x24f7e800 4976             org.fife.ui.rsyntaxtextarea.RSyntaxTextArea::getHighlightSecondaryLanguages (5 bytes)
Event: 265312.286 Thread 0x24f7e800 nmethod 4976 0x029ad288 code [0x029ad380, 0x029ad400]

GC Heap History (10 events):
Event: 188325.814 GC heap before
{Heap before GC invocations=25 (full 2):
 def new generation   total 67072K, used 60516K [0x04800000, 0x090c0000, 0x0f2a0000)
  eden space 59648K, 100% used [0x04800000, 0x08240000, 0x08240000)
  from space 7424K,  11% used [0x08980000, 0x08a59340, 0x090c0000)
  to   space 7424K,   0% used [0x08240000, 0x08240000, 0x08980000)
 tenured generation   total 148824K, used 94196K [0x0f2a0000, 0x183f6000, 0x24800000)
   the space 148824K,  63% used [0x0f2a0000, 0x14e9d308, 0x14e9d400, 0x183f6000)
 Metaspace       used 19108K, capacity 19667K, committed 19712K, reserved 19840K
Event: 188325.820 GC heap after
Heap after GC invocations=26 (full 2):
 def new generation   total 67072K, used 865K [0x04800000, 0x090c0000, 0x0f2a0000)
  eden space 59648K,   0% used [0x04800000, 0x04800000, 0x08240000)
  from space 7424K,  11% used [0x08240000, 0x083186a8, 0x08980000)
  to   space 7424K,   0% used [0x08980000, 0x08980000, 0x090c0000)
 tenured generation   total 148824K, used 94196K [0x0f2a0000, 0x183f6000, 0x24800000)
   the space 148824K,  63% used [0x0f2a0000, 0x14e9d308, 0x14e9d400, 0x183f6000)
 Metaspace       used 19108K, capacity 19667K, committed 19712K, reserved 19840K
}
Event: 208988.210 GC heap before
{Heap before GC invocations=26 (full 2):
 def new generation   total 67072K, used 60513K [0x04800000, 0x090c0000, 0x0f2a0000)
  eden space 59648K, 100% used [0x04800000, 0x08240000, 0x08240000)
  from space 7424K,  11% used [0x08240000, 0x083186a8, 0x08980000)
  to   space 7424K,   0% used [0x08980000, 0x08980000, 0x090c0000)
 tenured generation   total 148824K, used 94196K [0x0f2a0000, 0x183f6000, 0x24800000)
   the space 148824K,  63% used [0x0f2a0000, 0x14e9d308, 0x14e9d400, 0x183f6000)
 Metaspace       used 19108K, capacity 19667K, committed 19712K, reserved 19840K
Event: 208988.215 GC heap after
Heap after GC invocations=27 (full 2):
 def new generation   total 67072K, used 876K [0x04800000, 0x090c0000, 0x0f2a0000)
  eden space 59648K,   0% used [0x04800000, 0x04800000, 0x08240000)
  from space 7424K,  11% used [0x08980000, 0x08a5b0e0, 0x090c0000)
  to   space 7424K,   0% used [0x08240000, 0x08240000, 0x08980000)
 tenured generation   total 148824K, used 94196K [0x0f2a0000, 0x183f6000, 0x24800000)
   the space 148824K,  63% used [0x0f2a0000, 0x14e9d308, 0x14e9d400, 0x183f6000)
 Metaspace       used 19108K, capacity 19667K, committed 19712K, reserved 19840K
}
Event: 232231.088 GC heap before
{Heap before GC invocations=27 (full 2):
 def new generation   total 67072K, used 60524K [0x04800000, 0x090c0000, 0x0f2a0000)
  eden space 59648K, 100% used [0x04800000, 0x08240000, 0x08240000)
  from space 7424K,  11% used [0x08980000, 0x08a5b0e0, 0x090c0000)
  to   space 7424K,   0% used [0x08240000, 0x08240000, 0x08980000)
 tenured generation   total 148824K, used 94196K [0x0f2a0000, 0x183f6000, 0x24800000)
   the space 148824K,  63% used [0x0f2a0000, 0x14e9d308, 0x14e9d400, 0x183f6000)
 Metaspace       used 19108K, capacity 19667K, committed 19712K, reserved 19840K
Event: 232231.093 GC heap after
Heap after GC invocations=28 (full 2):
 def new generation   total 67072K, used 880K [0x04800000, 0x090c0000, 0x0f2a0000)
  eden space 59648K,   0% used [0x04800000, 0x04800000, 0x08240000)
  from space 7424K,  11% used [0x08240000, 0x0831c058, 0x08980000)
  to   space 7424K,   0% used [0x08980000, 0x08980000, 0x090c0000)
 tenured generation   total 148824K, used 94196K [0x0f2a0000, 0x183f6000, 0x24800000)
   the space 148824K,  63% used [0x0f2a0000, 0x14e9d308, 0x14e9d400, 0x183f6000)
 Metaspace       used 19108K, capacity 19667K, committed 19712K, reserved 19840K
}
Event: 252358.822 GC heap before
{Heap before GC invocations=28 (full 2):
 def new generation   total 67072K, used 60528K [0x04800000, 0x090c0000, 0x0f2a0000)
  eden space 59648K, 100% used [0x04800000, 0x08240000, 0x08240000)
  from space 7424K,  11% used [0x08240000, 0x0831c058, 0x08980000)
  to   space 7424K,   0% used [0x08980000, 0x08980000, 0x090c0000)
 tenured generation   total 148824K, used 94196K [0x0f2a0000, 0x183f6000, 0x24800000)
   the space 148824K,  63% used [0x0f2a0000, 0x14e9d308, 0x14e9d400, 0x183f6000)
 Metaspace       used 19109K, capacity 19667K, committed 19712K, reserved 19840K
Event: 252358.827 GC heap after
Heap after GC invocations=29 (full 2):
 def new generation   total 67072K, used 888K [0x04800000, 0x090c0000, 0x0f2a0000)
  eden space 59648K,   0% used [0x04800000, 0x04800000, 0x08240000)
  from space 7424K,  11% used [0x08980000, 0x08a5e070, 0x090c0000)
  to   space 7424K,   0% used [0x08240000, 0x08240000, 0x08980000)
 tenured generation   total 148824K, used 94196K [0x0f2a0000, 0x183f6000, 0x24800000)
   the space 148824K,  63% used [0x0f2a0000, 0x14e9d308, 0x14e9d400, 0x183f6000)
 Metaspace       used 19109K, capacity 19667K, committed 19712K, reserved 19840K
}
Event: 264877.162 GC heap before
{Heap before GC invocations=29 (full 2):
 def new generation   total 67072K, used 50109K [0x04800000, 0x090c0000, 0x0f2a0000)
  eden space 59648K,  82% used [0x04800000, 0x07811418, 0x08240000)
  from space 7424K,  11% used [0x08980000, 0x08a5e070, 0x090c0000)
  to   space 7424K,   0% used [0x08240000, 0x08240000, 0x08980000)
 tenured generation   total 148824K, used 94196K [0x0f2a0000, 0x183f6000, 0x24800000)
   the space 148824K,  63% used [0x0f2a0000, 0x14e9d308, 0x14e9d400, 0x183f6000)
 Metaspace       used 19113K, capacity 19669K, committed 19712K, reserved 19840K
Event: 264877.167 GC heap after
Heap after GC invocations=30 (full 2):
 def new generation   total 67072K, used 914K [0x04800000, 0x090c0000, 0x0f2a0000)
  eden space 59648K,   0% used [0x04800000, 0x04800000, 0x08240000)
  from space 7424K,  12% used [0x08240000, 0x08324b00, 0x08980000)
  to   space 7424K,   0% used [0x08980000, 0x08980000, 0x090c0000)
 tenured generation   total 148824K, used 94196K [0x0f2a0000, 0x183f6000, 0x24800000)
   the space 148824K,  63% used [0x0f2a0000, 0x14e9d308, 0x14e9d400, 0x183f6000)
 Metaspace       used 19113K, capacity 19669K, committed 19712K, reserved 19840K
}

Deoptimization events (0 events):
No events

Internal exceptions (10 events):
Event: 3370.509 Thread 0x293be800 Exception <a 'sun/nio/fs/WindowsException'> (0x05ff7178) thrown at [C:\workspace\8-2-build-windows-i586-cygwin\jdk8u144\9417\hotspot\src\share\vm\prims\jni.cpp, line 709]
Event: 3370.509 Thread 0x293be800 Exception <a 'sun/nio/fs/WindowsException'> (0x05ff7770) thrown at [C:\workspace\8-2-build-windows-i586-cygwin\jdk8u144\9417\hotspot\src\share\vm\prims\jni.cpp, line 709]
Event: 3370.510 Thread 0x293be800 Exception <a 'sun/nio/fs/WindowsException'> (0x06001760) thrown at [C:\workspace\8-2-build-windows-i586-cygwin\jdk8u144\9417\hotspot\src\share\vm\prims\jni.cpp, line 709]
Event: 3370.510 Thread 0x293be800 Exception <a 'sun/nio/fs/WindowsException'> (0x06001d68) thrown at [C:\workspace\8-2-build-windows-i586-cygwin\jdk8u144\9417\hotspot\src\share\vm\prims\jni.cpp, line 709]
Event: 3370.512 Thread 0x293be800 Exception <a 'sun/nio/fs/WindowsException'> (0x0600d318) thrown at [C:\workspace\8-2-build-windows-i586-cygwin\jdk8u144\9417\hotspot\src\share\vm\prims\jni.cpp, line 709]
Event: 3370.512 Thread 0x293be800 Exception <a 'sun/nio/fs/WindowsException'> (0x0600d8c0) thrown at [C:\workspace\8-2-build-windows-i586-cygwin\jdk8u144\9417\hotspot\src\share\vm\prims\jni.cpp, line 709]
Event: 3370.513 Thread 0x293be800 Exception <a 'sun/nio/fs/WindowsException'> (0x06038810) thrown at [C:\workspace\8-2-build-windows-i586-cygwin\jdk8u144\9417\hotspot\src\share\vm\prims\jni.cpp, line 709]
Event: 3370.513 Thread 0x293be800 Exception <a 'sun/nio/fs/WindowsException'> (0x06038dc8) thrown at [C:\workspace\8-2-build-windows-i586-cygwin\jdk8u144\9417\hotspot\src\share\vm\prims\jni.cpp, line 709]
Event: 3370.515 Thread 0x293be800 Exception <a 'sun/nio/fs/WindowsException'> (0x0605d158) thrown at [C:\workspace\8-2-build-windows-i586-cygwin\jdk8u144\9417\hotspot\src\share\vm\prims\jni.cpp, line 709]
Event: 3370.515 Thread 0x293be800 Exception <a 'sun/nio/fs/WindowsException'> (0x0605d868) thrown at [C:\workspace\8-2-build-windows-i586-cygwin\jdk8u144\9417\hotspot\src\share\vm\prims\jni.cpp, line 709]

Events (10 events):
Event: 265308.403 Thread 0x24f7e800 flushing nmethod 0x02a4fe08
Event: 265308.403 Thread 0x24f7e800 flushing nmethod 0x02a4ffc8
Event: 265308.883 Thread 0x24f7e800 flushing nmethod 0x02a3f088
Event: 265308.883 Thread 0x24f7e800 flushing nmethod 0x02a52308
Event: 265308.883 Thread 0x24f7e800 flushing nmethod 0x02a52648
Event: 265312.148 Thread 0x24f7e800 flushing nmethod 0x02a4f748
Event: 265312.148 Thread 0x24f7e800 flushing nmethod 0x02a57dc8
Event: 265312.148 Thread 0x24f7e800 flushing nmethod 0x02a58088
Event: 265312.178 loading class sun/awt/windows/WWindowPeer$1
Event: 265312.215 loading class sun/awt/windows/WWindowPeer$1 done


Dynamic libraries:
0x00bd0000 - 0x00c03000 	D:\Program Files (x86)\Arduino\java\bin\javaw.exe
0x77330000 - 0x774b0000 	C:\Windows\SysWOW64\ntdll.dll
0x75090000 - 0x751a0000 	C:\Windows\syswow64\kernel32.dll
0x76c10000 - 0x76c57000 	C:\Windows\syswow64\KERNELBASE.dll
0x74d00000 - 0x74da1000 	C:\Windows\syswow64\ADVAPI32.dll
0x75550000 - 0x755fc000 	C:\Windows\syswow64\msvcrt.dll
0x74dc0000 - 0x74dd9000 	C:\Windows\SysWOW64\sechost.dll
0x76600000 - 0x766f0000 	C:\Windows\syswow64\RPCRT4.dll
0x74ca0000 - 0x74d00000 	C:\Windows\syswow64\SspiCli.dll
0x74c90000 - 0x74c9c000 	C:\Windows\syswow64\CRYPTBASE.dll
0x76c60000 - 0x76d60000 	C:\Windows\syswow64\USER32.dll
0x76780000 - 0x76810000 	C:\Windows\syswow64\GDI32.dll
0x74eb0000 - 0x74eba000 	C:\Windows\syswow64\LPK.dll
0x751c0000 - 0x7525d000 	C:\Windows\syswow64\USP10.dll
0x6d690000 - 0x6d82e000 	C:\Windows\WinSxS\x86_microsoft.windows.common-controls_6595b64144ccf1df_6.0.7601.18837_none_41e855142bd5705d\COMCTL32.dll
0x766f0000 - 0x76747000 	C:\Windows\syswow64\SHLWAPI.dll
0x763c0000 - 0x76420000 	C:\Windows\system32\IMM32.DLL
0x74de0000 - 0x74ead000 	C:\Windows\syswow64\MSCTF.dll
0x65f80000 - 0x6603f000 	D:\Program Files (x86)\Arduino\java\bin\msvcr100.dll
0x544c0000 - 0x5488e000 	D:\Program Files (x86)\Arduino\java\bin\client\jvm.dll
0x6fa60000 - 0x6fa67000 	C:\Windows\system32\WSOCK32.dll
0x75690000 - 0x756c5000 	C:\Windows\syswow64\WS2_32.dll
0x753e0000 - 0x753e6000 	C:\Windows\syswow64\NSI.dll
0x72700000 - 0x72732000 	C:\Windows\system32\WINMM.dll
0x74980000 - 0x74989000 	C:\Windows\system32\VERSION.dll
0x74db0000 - 0x74db5000 	C:\Windows\syswow64\PSAPI.DLL
0x67010000 - 0x67040000 	D:\Program Files (x86)\Arduino\java\bin\splashscreen.dll
0x69440000 - 0x694c0000 	C:\Windows\system32\uxtheme.dll
0x63db0000 - 0x63def000 	C:\Program Files\Listary\ListaryHook.dll
0x753f0000 - 0x7554d000 	C:\Windows\syswow64\ole32.dll
0x6ece0000 - 0x6ed1c000 	C:\Windows\system32\OLEACC.dll
0x745f0000 - 0x745f3000 	C:\Windows\system32\api-ms-win-core-synch-l1-2-0.DLL
0x67000000 - 0x6700c000 	D:\Program Files (x86)\Arduino\java\bin\verify.dll
0x65f50000 - 0x65f71000 	D:\Program Files (x86)\Arduino\java\bin\java.dll
0x65f30000 - 0x65f43000 	D:\Program Files (x86)\Arduino\java\bin\zip.dll
0x76450000 - 0x764e1000 	C:\Windows\syswow64\OLEAUT32.DLL
0x756d0000 - 0x7631c000 	C:\Windows\syswow64\SHELL32.dll
0x76440000 - 0x7644b000 	C:\Windows\syswow64\profapi.dll
0x61940000 - 0x619b2000 	D:\Program Files (x86)\Arduino\lib\listSerialsj.dll
0x74ef0000 - 0x7508d000 	C:\Windows\syswow64\SETUPAPI.dll
0x74ec0000 - 0x74ee7000 	C:\Windows\syswow64\CFGMGR32.dll
0x751a0000 - 0x751b2000 	C:\Windows\syswow64\DEVOBJ.dll
0x65f10000 - 0x65f2d000 	D:\Program Files (x86)\Arduino\lib\jnidispatch-4.2.2-win32-x86.dll
0x65ef0000 - 0x65f06000 	D:\Program Files (x86)\Arduino\java\bin\net.dll
0x72600000 - 0x7263c000 	C:\Windows\system32\mswsock.dll
0x6f5f0000 - 0x6f5f6000 	C:\Windows\System32\wship6.dll
0x66fe0000 - 0x66fef000 	D:\Program Files (x86)\Arduino\java\bin\nio.dll
0x65ab0000 - 0x65bf5000 	D:\Program Files (x86)\Arduino\java\bin\awt.dll
0x6d830000 - 0x6d843000 	C:\Windows\system32\dwmapi.dll
0x65eb0000 - 0x65ee9000 	D:\Program Files (x86)\Arduino\java\bin\fontmanager.dll
0x659e0000 - 0x65aa8000 	C:\Windows\system32\opengl32.dll
0x659b0000 - 0x659d2000 	C:\Windows\system32\GLU32.dll
0x550c0000 - 0x551a7000 	C:\Windows\system32\DDRAW.dll
0x65ea0000 - 0x65ea6000 	C:\Windows\system32\DCIMAN32.dll
0x65970000 - 0x659a2000 	D:\Program Files (x86)\Arduino\java\bin\t2k.dll
0x76750000 - 0x7677f000 	C:\Windows\syswow64\WINTRUST.dll
0x75260000 - 0x75382000 	C:\Windows\syswow64\CRYPT32.dll
0x75680000 - 0x7568c000 	C:\Windows\syswow64\MSASN1.dll
0x74a40000 - 0x74a5c000 	C:\Windows\system32\IPHLPAPI.DLL
0x74a30000 - 0x74a37000 	C:\Windows\system32\WINNSI.DLL
0x737d0000 - 0x737dd000 	C:\Windows\system32\dhcpcsvc6.DLL
0x737b0000 - 0x737c2000 	C:\Windows\system32\dhcpcsvc.DLL
0x73850000 - 0x73894000 	C:\Windows\system32\DNSAPI.dll
0x6f620000 - 0x6f641000 	C:\Program Files (x86)\Bonjour\mdnsNSP.dll
0x6f610000 - 0x6f618000 	C:\Program Files (x86)\National Instruments\Shared\mDNS Responder\nimdnsNSP.dll
0x6f600000 - 0x6f60d000 	C:\Windows\system32\nimdnsResponder.dll
0x6fc90000 - 0x6fca4000 	C:\Windows\system32\VCRUNTIME140.dll
0x6fc80000 - 0x6fc84000 	C:\Windows\system32\api-ms-win-crt-runtime-l1-1-0.dll
0x6fb90000 - 0x6fc71000 	C:\Windows\system32\ucrtbase.DLL
0x6fb80000 - 0x6fb83000 	C:\Windows\system32\api-ms-win-core-timezone-l1-1-0.dll
0x6fb70000 - 0x6fb73000 	C:\Windows\system32\api-ms-win-core-file-l2-1-0.dll
0x6fb60000 - 0x6fb63000 	C:\Windows\system32\api-ms-win-core-localization-l1-2-0.dll
0x6fb50000 - 0x6fb53000 	C:\Windows\system32\api-ms-win-core-processthreads-l1-1-1.dll
0x6fb40000 - 0x6fb43000 	C:\Windows\system32\api-ms-win-core-file-l1-2-0.dll
0x6fb30000 - 0x6fb33000 	C:\Windows\system32\api-ms-win-crt-heap-l1-1-0.dll
0x6fb20000 - 0x6fb24000 	C:\Windows\system32\api-ms-win-crt-string-l1-1-0.dll
0x6fb10000 - 0x6fb14000 	C:\Windows\system32\api-ms-win-crt-stdio-l1-1-0.dll
0x6fb00000 - 0x6fb04000 	C:\Windows\system32\api-ms-win-crt-convert-l1-1-0.dll
0x725f0000 - 0x725f5000 	C:\Windows\System32\wshtcpip.dll
0x6f5e0000 - 0x6f5e6000 	C:\Windows\system32\rasadhlp.dll
0x743d0000 - 0x74408000 	C:\Windows\System32\fwpuclnt.dll
0x54e40000 - 0x54ea9000 	D:\Program Files (x86)\Arduino\msvcp100.dll
0x54400000 - 0x544be000 	D:\Program Files (x86)\Arduino\msvcr100.dll
0x2a360000 - 0x2a392000 	D:\Program Files (x86)\Arduino\lib\AStylej.dll
0x65120000 - 0x65144000 	D:\Program Files (x86)\Arduino\java\bin\dcpr.dll
0x76570000 - 0x765f3000 	C:\Windows\syswow64\CLBCatQ.DLL
0x64960000 - 0x64a90000 	C:\Windows\system32\WindowsCodecs.dll
0x74380000 - 0x743cc000 	C:\Windows\system32\apphelp.dll
0x253d0000 - 0x253fb000 	C:\Windows\SysWOW64\cbfsMntNtf6.dll
0x64220000 - 0x64251000 	C:\Windows\system32\EhStorShell.dll
0x6d590000 - 0x6d685000 	C:\Windows\system32\PROPSYS.dll
0x6d4b0000 - 0x6d520000 	C:\Windows\system32\ntshrui.dll
0x726b0000 - 0x726c9000 	C:\Windows\system32\srvcli.dll
0x6d580000 - 0x6d58b000 	C:\Windows\system32\cscapi.dll
0x71e70000 - 0x71e7a000 	C:\Windows\system32\slc.dll
0x71e80000 - 0x71f04000 	C:\Windows\WinSxS\x86_microsoft.windows.common-controls_6595b64144ccf1df_5.82.7601.18837_none_ec86b8d6858ec0bc\comctl32.dll
0x73b20000 - 0x73b37000 	C:\Windows\system32\CRYPTSP.dll
0x73ae0000 - 0x73b1b000 	C:\Windows\system32\rsaenh.dll
0x76420000 - 0x76437000 	C:\Windows\syswow64\USERENV.dll
0x740f0000 - 0x741db000 	C:\Windows\system32\dbghelp.dll

VM Arguments:
jvm_args: -Dsun.java2d.d3d=false -Djna.nosys=true -Djna.nounpack=true -Djna.boot.library.name=jnidispatch-4.2.2-win32-x86 -Djna.boot.library.path=D:\Program Files (x86)\Arduino/lib -Djssc.library.path=D:\Program Files (x86)\Arduino/lib -DAPP_DIR=D:\Program Files (x86)\Arduino -Xms128M -Xmx512M 
java_command: processing.app.Base F:\SATP\scan_signal5x5\scan_signal5x5.ino
java_class_path (initial): D:\Program Files (x86)\Arduino\lib\apple.jar;D:\Program Files (x86)\Arduino\lib\arduino-core.jar;D:\Program Files (x86)\Arduino\lib\batik-1.8.jar;D:\Program Files (x86)\Arduino\lib\batik-anim-1.8.jar;D:\Program Files (x86)\Arduino\lib\batik-awt-util-1.8.jar;D:\Program Files (x86)\Arduino\lib\batik-bridge-1.8.jar;D:\Program Files (x86)\Arduino\lib\batik-codec-1.8.jar;D:\Program Files (x86)\Arduino\lib\batik-css-1.8.jar;D:\Program Files (x86)\Arduino\lib\batik-dom-1.8.jar;D:\Program Files (x86)\Arduino\lib\batik-ext-1.8.jar;D:\Program Files (x86)\Arduino\lib\batik-gvt-1.8.jar;D:\Program Files (x86)\Arduino\lib\batik-parser-1.8.jar;D:\Program Files (x86)\Arduino\lib\batik-rasterizer-1.8.jar;D:\Program Files (x86)\Arduino\lib\batik-script-1.8.jar;D:\Program Files (x86)\Arduino\lib\batik-squiggle-1.8.jar;D:\Program Files (x86)\Arduino\lib\batik-svg-dom-1.8.jar;D:\Program Files (x86)\Arduino\lib\batik-svgpp-1.8.jar;D:\Program Files (x86)\Arduino\lib\batik-transcoder-1.8.jar;D:\Program Files (x86)\Arduino\lib\batik-util-1.8.jar;D:\Program Files (x86)\Arduino\lib\batik-xml-1.8.jar;D:\Program Files (x86)\Arduino\lib\bcpg-jdk15on-152.jar;D:\Program Files (x86)\Arduino\lib\bcprov-jdk15on-152.jar;D:\Program Files (x86)\Arduino\lib\commons-codec-1.7.jar;D:\Program Files (x86)\Arduino\lib\commons-compress-1.8.jar;D:\Program Files (x86)\Arduino\lib\commons-exec-1.1.jar;D:\Program Files (x86)\Arduino\lib\commons-httpclient-3.1.jar;D:\Program Files (x86)\Arduino\lib\commons-lang3-3.3.2.jar;D:\Program Files (x86)\Arduino\lib\commons-logging-1.0.4.jar;D:\Program Files (x86)\Arduino\lib\commons-net-3.3.jar;D:\Program Files (x86)\Arduino\lib\jackson-annotations-2.6.3.jar;D:\Program Files (x86)\Arduino\lib\jackson-core-2.6.3.jar;D:\Program Files (x86)\Arduino\lib\jackson-databind-2.6.3.jar;D:\Program Files (x86)\Arduino\lib\jackson-module-mrbean-2.6.3.jar;D:\Program Files (x86)\Arduino\lib\java-semver-0.8.0.jar;D:\Program Files (x86)\Arduino\lib\jmdns-3.5.1.j
Launcher Type: SUN_STANDARD

Environment Variables:
JAVA_HOME=C:\Program Files\Java\jdk-12.0.2
CLASSPATH=.;C:\Program Files\Java\jdk-12.0.2\lib
PATH=D:\Python27\;D:\Python27\Scripts;C:\Program Files\Python37\Scripts\;C:\Program Files\Python37\;C:\Program Files (x86)\NVIDIA Corporation\PhysX\Common;C:\Program Files (x86)\Common Files\Intel\Shared Files\cpp\bin\Intel64;C:\Windows\system32;C:\Windows;C:\Windows\System32\Wbem;C:\Windows\System32\WindowsPowerShell\v1.0\;C:\Program Files\Microsoft SQL Server\Client SDK\ODBC\110\Tools\Binn\;C:\Program Files (x86)\Microsoft SQL Server\120\Tools\Binn\;C:\Program Files\Microsoft SQL Server\120\Tools\Binn\;C:\Program Files\Microsoft SQL Server\120\DTS\Binn\;C:\Program Files (x86)\Windows Kits\8.1\Windows Performance Toolkit\;d:\Program Files\MATLAB\R2014b\runtime\win64;d:\Program Files\MATLAB\R2014b\bin;d:\Program Files\MATLAB\R2014b\polyspace\bin;C:\Program Files (x86)\IVI Foundation\VISA\WinNT\Bin\;C:\Program Files\IVI Foundation\VISA\Win64\Bin\;C:\Program Files (x86)\IVI Foundation\VISA\WinNT\Bin;C:\Program Files\Java\jdk-12.0.2\bin;C:\Program Files\Git\cmd;C:\Program Files (x86)\National Instruments\Shared\LabVIEW CLI;C:\Program Files (x86)\dotnet\;C:\Program Files\dotnet\;C:\Program Files\Microsoft SQL Server\130\Tools\Binn\;C:\Program Files\Microsoft SQL Server\Client SDK\ODBC\170\Tools\Binn\;D:\Program Files\Pandoc\;;D:\Program Files\JetBrains\PyCharm 2020.3.5\bin;;C:\Users\dell\.dotnet\tools;D:\Program Files (x86)\Microsoft VS Code\bin;D:\Program Files (x86)\Arduino\java\bin
USERNAME=dell
OS=Windows_NT
PROCESSOR_IDENTIFIER=Intel64 Family 6 Model 63 Stepping 2, GenuineIntel



---------------  S Y S T E M  ---------------

OS: Windows 7 , 64 bit Build 7601 (6.1.7601.24384)

CPU:total 8 (initial active 8) (4 cores per cpu, 2 threads per core) family 6 model 63 stepping 2, cmov, cx8, fxsr, mmx, sse, sse2, sse3, ssse3, sse4.1, sse4.2, popcnt, avx, avx2, aes, clmul, erms, lzcnt, ht, tsc, tscinvbit, bmi1, bmi2

Memory: 4k page, physical 16699820k(9534968k free), swap 33397736k(23395708k free)

vm_info: Java HotSpot(TM) Client VM (25.144-b01) for windows-x86 JRE (1.8.0_144-b01), built on Jul 21 2017 21:58:05 by "java_re" with MS VC++ 10.0 (VS2010)

time: Mon May 24 14:07:15 2021
elapsed time: 265312 seconds (3d 1h 41m 52s)

